<?xml version="1.0" encoding="UTF-8"?>
<!-- Generated by org.testng.reporters.JUnitXMLReporter -->
<testsuite hostname="DESKTOP-KN642OP" ignored="0" name="Open Card App Test Cases" tests="4" failures="0" timestamp="11 Oct 2023 00:03:03 GMT" time="37.888" errors="0">
  <testcase name="verifyRegisterAndLogin" time="1.917" classname="com.qa.opencart.tests.HomePageTest"/>
  <testcase name="verifyLoginTest" time="2.473" classname="com.qa.opencart.tests.HomePageTest"/>
  <testcase name="verifyAddItemToCartUnderComponentsMenu" time="15.154" classname="com.qa.opencart.tests.HomePageTest"/>
  <testcase name="verifyShoppingCart" time="1.942" classname="com.qa.opencart.tests.HomePageTest"/>
</testsuite> <!-- Open Card App Test Cases -->
